  main1.cpp
C:\assembly\lab8\lab_08\main1.cpp(60,3): error C4235: использовано нестандартное расширение: ключевое слово "__asm" данной архитектурой не поддерживается
C:\assembly\lab8\lab_08\main1.cpp(61,4): error C2065: fld: необъявленный идентификатор
C:\assembly\lab8\lab_08\main1.cpp(61,8): error C3878: синтаксическая ошибка: непредвиденный маркер "идентификатор" после "expression"
C:\assembly\lab8\lab_08\main1.cpp(61,8): message : пропущено восстановление ошибки: "идентификатор"
C:\assembly\lab8\lab_08\main1.cpp(62,4): error C2065: fld: необъявленный идентификатор
C:\assembly\lab8\lab_08\main1.cpp(62,8): error C3878: синтаксическая ошибка: непредвиденный маркер "идентификатор" после "expression"
C:\assembly\lab8\lab_08\main1.cpp(62,8): message : пропущено восстановление ошибки: "идентификатор"
C:\assembly\lab8\lab_08\main1.cpp(63,4): error C2065: faddp: необъявленный идентификатор
C:\assembly\lab8\lab_08\main1.cpp(63,10): error C3878: синтаксическая ошибка: непредвиденный маркер "идентификатор" после "expression"
C:\assembly\lab8\lab_08\main1.cpp(63,10): message : пропущено восстановление ошибки: "идентификатор ( константа"
C:\assembly\lab8\lab_08\main1.cpp(63,14): error C2760: синтаксическая ошибка: непредвиденный элемент ")". Ожидается ";"
C:\assembly\lab8\lab_08\main1.cpp(63,14): error C3878: синтаксическая ошибка: непредвиденный маркер ")" после "expression_statement"
C:\assembly\lab8\lab_08\main1.cpp(63,14): message : пропущено восстановление ошибки: ") ,"
C:\assembly\lab8\lab_08\main1.cpp(64,4): error C2065: fstp: необъявленный идентификатор
C:\assembly\lab8\lab_08\main1.cpp(64,9): error C3878: синтаксическая ошибка: непредвиденный маркер "идентификатор" после "expression"
C:\assembly\lab8\lab_08\main1.cpp(64,9): message : пропущено восстановление ошибки: "идентификатор"
C:\assembly\lab8\lab_08\main1.cpp(79,3): error C4235: использовано нестандартное расширение: ключевое слово "__asm" данной архитектурой не поддерживается
C:\assembly\lab8\lab_08\main1.cpp(80,4): error C2065: fld: необъявленный идентификатор
C:\assembly\lab8\lab_08\main1.cpp(80,8): error C3878: синтаксическая ошибка: непредвиденный маркер "идентификатор" после "expression"
C:\assembly\lab8\lab_08\main1.cpp(80,8): message : пропущено восстановление ошибки: "идентификатор"
C:\assembly\lab8\lab_08\main1.cpp(81,4): error C2065: fld: необъявленный идентификатор
C:\assembly\lab8\lab_08\main1.cpp(81,8): error C3878: синтаксическая ошибка: непредвиденный маркер "идентификатор" после "expression"
C:\assembly\lab8\lab_08\main1.cpp(81,8): message : пропущено восстановление ошибки: "идентификатор"
C:\assembly\lab8\lab_08\main1.cpp(82,4): error C2065: fmulp: необъявленный идентификатор
C:\assembly\lab8\lab_08\main1.cpp(82,10): error C3878: синтаксическая ошибка: непредвиденный маркер "идентификатор" после "expression"
C:\assembly\lab8\lab_08\main1.cpp(82,10): message : пропущено восстановление ошибки: "идентификатор ( константа"
C:\assembly\lab8\lab_08\main1.cpp(82,14): error C2760: синтаксическая ошибка: непредвиденный элемент ")". Ожидается ";"
C:\assembly\lab8\lab_08\main1.cpp(82,14): error C3878: синтаксическая ошибка: непредвиденный маркер ")" после "expression_statement"
C:\assembly\lab8\lab_08\main1.cpp(82,14): message : пропущено восстановление ошибки: ") ,"
C:\assembly\lab8\lab_08\main1.cpp(83,4): error C2065: fstp: необъявленный идентификатор
C:\assembly\lab8\lab_08\main1.cpp(83,9): error C3878: синтаксическая ошибка: непредвиденный маркер "идентификатор" после "expression"
C:\assembly\lab8\lab_08\main1.cpp(83,9): message : пропущено восстановление ошибки: "идентификатор"
  main2.cpp
C:\assembly\lab8\lab_08\main2.cpp(12,5): error C4235: использовано нестандартное расширение: ключевое слово "__asm" данной архитектурой не поддерживается
C:\assembly\lab8\lab_08\main2.cpp(13,9): error C2065: fldpi: необъявленный идентификатор
C:\assembly\lab8\lab_08\main2.cpp(14,9): error C2065: fsin: необъявленный идентификатор
C:\assembly\lab8\lab_08\main2.cpp(15,9): error C2065: fstp: необъявленный идентификатор
C:\assembly\lab8\lab_08\main2.cpp(15,14): error C2146: синтаксическая ошибка: отсутствие ";" перед идентификатором "res"
C:\assembly\lab8\lab_08\main2.cpp(24,5): error C4235: использовано нестандартное расширение: ключевое слово "__asm" данной архитектурой не поддерживается
C:\assembly\lab8\lab_08\main2.cpp(25,9): error C2065: fldpi: необъявленный идентификатор
C:\assembly\lab8\lab_08\main2.cpp(26,9): error C2065: fmul: необъявленный идентификатор
C:\assembly\lab8\lab_08\main2.cpp(26,14): error C2146: синтаксическая ошибка: отсутствие ";" перед идентификатором "half"
C:\assembly\lab8\lab_08\main2.cpp(27,9): error C2065: fsin: необъявленный идентификатор
C:\assembly\lab8\lab_08\main2.cpp(28,9): error C2065: fstp: необъявленный идентификатор
C:\assembly\lab8\lab_08\main2.cpp(28,14): error C2146: синтаксическая ошибка: отсутствие ";" перед идентификатором "res"
  Создание кода...
